Determining if the pthread_create exist failed with the following output:
Change Dir: /home/meng/catkin_ws/build/CMakeFiles/CMakeTmp

Run Build Command:/usr/bin/make "cmTryCompileExec4051630872/fast"
/usr/bin/make -f CMakeFiles/cmTryCompileExec4051630872.dir/build.make CMakeFiles/cmTryCompileExec4051630872.dir/build
make[1]: 正在进入目录 `/home/meng/catkin_ws/build/CMakeFiles/CMakeTmp'
/usr/bin/cmake -E cmake_progress_report /home/meng/catkin_ws/build/CMakeFiles/CMakeTmp/CMakeFiles 1
Building C object CMakeFiles/cmTryCompileExec4051630872.dir/CheckSymbolExists.c.o
/usr/bin/cc    -o CMakeFiles/cmTryCompileExec4051630872.dir/CheckSymbolExists.c.o   -c /home/meng/catkin_ws/build/CMakeFiles/CMakeTmp/CheckSymbolExists.c
Linking C executable cmTryCompileExec4051630872
/usr/bin/cmake -E cmake_link_script CMakeFiles/cmTryCompileExec4051630872.dir/link.txt --verbose=1
/usr/bin/cc         CMakeFiles/cmTryCompileExec4051630872.dir/CheckSymbolExists.c.o  -o cmTryCompileExec4051630872 -rdynamic 
CMakeFiles/cmTryCompileExec4051630872.dir/CheckSymbolExists.c.o：在函数‘main’中：
CheckSymbolExists.c:(.text+0xa)：对‘pthread_create’未定义的引用
collect2: 错误： ld 返回 1
make[1]: *** [cmTryCompileExec4051630872] 错误 1
make[1]:正在离开目录 `/home/meng/catkin_ws/build/CMakeFiles/CMakeTmp'
make: *** [cmTryCompileExec4051630872/fast] 错误 2

File /home/meng/catkin_ws/build/CMakeFiles/CMakeTmp/CheckSymbolExists.c:
/* */
#include <pthread.h>

int main(int argc, char** argv)
{
  (void)argv;
#ifndef pthread_create
  return ((int*)(&pthread_create))[argc];
#else
  (void)argc;
  return 0;
#endif
}

Determining if the function pthread_create exists in the pthreads failed with the following output:
Change Dir: /home/meng/catkin_ws/build/CMakeFiles/CMakeTmp

Run Build Command:/usr/bin/make "cmTryCompileExec4143997851/fast"
/usr/bin/make -f CMakeFiles/cmTryCompileExec4143997851.dir/build.make CMakeFiles/cmTryCompileExec4143997851.dir/build
make[1]: 正在进入目录 `/home/meng/catkin_ws/build/CMakeFiles/CMakeTmp'
/usr/bin/cmake -E cmake_progress_report /home/meng/catkin_ws/build/CMakeFiles/CMakeTmp/CMakeFiles 1
Building C object CMakeFiles/cmTryCompileExec4143997851.dir/CheckFunctionExists.c.o
/usr/bin/cc   -DCHECK_FUNCTION_EXISTS=pthread_create   -o CMakeFiles/cmTryCompileExec4143997851.dir/CheckFunctionExists.c.o   -c /usr/share/cmake-2.8/Modules/CheckFunctionExists.c
Linking C executable cmTryCompileExec4143997851
/usr/bin/cmake -E cmake_link_script CMakeFiles/cmTryCompileExec4143997851.dir/link.txt --verbose=1
/usr/bin/cc     -DCHECK_FUNCTION_EXISTS=pthread_create    CMakeFiles/cmTryCompileExec4143997851.dir/CheckFunctionExists.c.o  -o cmTryCompileExec4143997851 -rdynamic -lpthreads 
/usr/bin/ld: cannot find -lpthreads
collect2: 错误： ld 返回 1
make[1]: *** [cmTryCompileExec4143997851] 错误 1
make[1]:正在离开目录 `/home/meng/catkin_ws/build/CMakeFiles/CMakeTmp'
make: *** [cmTryCompileExec4143997851/fast] 错误 2


